2015.02.11 13:42 B C:\Program Files\WS_FTP\Trainset_13-03-14\DEE_BoBR_34082\#DEE_BoBR_34082.eng <-- Ftp.uktrainsim.com /Trainset_13-03-14/DEE_BoBR_34082 #DEE_BoBR_34082.eng
2015.02.11 13:42 B C:\Program Files\WS_FTP\Trainset_13-03-14\DEE_BoBR_34082\blank.ace <-- Ftp.uktrainsim.com /Trainset_13-03-14/DEE_BoBR_34082 blank.ace
2015.02.11 13:42 B C:\Program Files\WS_FTP\Trainset_13-03-14\DEE_BoBR_34082\crew1.ace <-- Ftp.uktrainsim.com /Trainset_13-03-14/DEE_BoBR_34082 crew1.ace
2015.02.11 13:42 B C:\Program Files\WS_FTP\Trainset_13-03-14\DEE_BoBR_34082\crew2.ace <-- Ftp.uktrainsim.com /Trainset_13-03-14/DEE_BoBR_34082 crew2.ace
2015.02.11 13:42 B C:\Program Files\WS_FTP\Trainset_13-03-14\DEE_BoBR_34082\crew3.ace <-- Ftp.uktrainsim.com /Trainset_13-03-14/DEE_BoBR_34082 crew3.ace
2015.02.11 13:42 B C:\Program Files\WS_FTP\Trainset_13-03-14\DEE_BoBR_34082\DEE_BoBR_34082  Readme.txt <-- Ftp.uktrainsim.com /Trainset_13-03-14/DEE_BoBR_34082 DEE_BoBR_34082  Readme.txt
2015.02.11 13:42 B C:\Program Files\WS_FTP\Trainset_13-03-14\DEE_BoBR_34082\DEE_BoBR_34082.eng <-- Ftp.uktrainsim.com /Trainset_13-03-14/DEE_BoBR_34082 DEE_BoBR_34082.eng
2015.02.11 13:42 B C:\Program Files\WS_FTP\Trainset_13-03-14\DEE_BoBR_34082\DEE_BoBR_34082.s <-- Ftp.uktrainsim.com /Trainset_13-03-14/DEE_BoBR_34082 DEE_BoBR_34082.s
2015.02.11 13:42 B C:\Program Files\WS_FTP\Trainset_13-03-14\DEE_BoBR_34082\DEE_BoBR_34082.sd <-- Ftp.uktrainsim.com /Trainset_13-03-14/DEE_BoBR_34082 DEE_BoBR_34082.sd
2015.02.11 13:42 B C:\Program Files\WS_FTP\Trainset_13-03-14\DEE_BoBR_34082\DEE_BoBR_34082T.s <-- Ftp.uktrainsim.com /Trainset_13-03-14/DEE_BoBR_34082 DEE_BoBR_34082T.s
2015.02.11 13:42 B C:\Program Files\WS_FTP\Trainset_13-03-14\DEE_BoBR_34082\DEE_BoBR_34082T.sd <-- Ftp.uktrainsim.com /Trainset_13-03-14/DEE_BoBR_34082 DEE_BoBR_34082T.sd
2015.02.11 13:42 B C:\Program Files\WS_FTP\Trainset_13-03-14\DEE_BoBR_34082\DEE_BoBR_34082T.wag <-- Ftp.uktrainsim.com /Trainset_13-03-14/DEE_BoBR_34082 DEE_BoBR_34082T.wag
2015.02.11 13:42 B C:\Program Files\WS_FTP\Trainset_13-03-14\DEE_BoBR_34082\disk1.ace <-- Ftp.uktrainsim.com /Trainset_13-03-14/DEE_BoBR_34082 disk1.ace
2015.02.11 13:42 B C:\Program Files\WS_FTP\Trainset_13-03-14\DEE_BoBR_34082\disk2.ace <-- Ftp.uktrainsim.com /Trainset_13-03-14/DEE_BoBR_34082 disk2.ace
2015.02.11 13:42 B C:\Program Files\WS_FTP\Trainset_13-03-14\DEE_BoBR_34082\disk3.ace <-- Ftp.uktrainsim.com /Trainset_13-03-14/DEE_BoBR_34082 disk3.ace
2015.02.11 13:42 B C:\Program Files\WS_FTP\Trainset_13-03-14\DEE_BoBR_34082\disk4.ace <-- Ftp.uktrainsim.com /Trainset_13-03-14/DEE_BoBR_34082 disk4.ace
2015.02.11 13:42 B C:\Program Files\WS_FTP\Trainset_13-03-14\DEE_BoBR_34082\disk5.ace <-- Ftp.uktrainsim.com /Trainset_13-03-14/DEE_BoBR_34082 disk5.ace
2015.02.11 13:42 B C:\Program Files\WS_FTP\Trainset_13-03-14\DEE_BoBR_34082\disk6.ace <-- Ftp.uktrainsim.com /Trainset_13-03-14/DEE_BoBR_34082 disk6.ace
2015.02.11 13:42 B C:\Program Files\WS_FTP\Trainset_13-03-14\DEE_BoBR_34082\Duch_07.ace <-- Ftp.uktrainsim.com /Trainset_13-03-14/DEE_BoBR_34082 Duch_07.ace
2015.02.11 13:42 B C:\Program Files\WS_FTP\Trainset_13-03-14\DEE_BoBR_34082\KArods.ace <-- Ftp.uktrainsim.com /Trainset_13-03-14/DEE_BoBR_34082 KArods.ace
2015.02.11 13:42 B C:\Program Files\WS_FTP\Trainset_13-03-14\DEE_BoBR_34082\MNbody2.ace <-- Ftp.uktrainsim.com /Trainset_13-03-14/DEE_BoBR_34082 MNbody2.ace
2015.02.11 13:42 B C:\Program Files\WS_FTP\Trainset_13-03-14\DEE_BoBR_34082\MNdiscs.s <-- Ftp.uktrainsim.com /Trainset_13-03-14/DEE_BoBR_34082 MNdiscs.s
2015.02.11 13:42 B C:\Program Files\WS_FTP\Trainset_13-03-14\DEE_BoBR_34082\MNdiscs.sd <-- Ftp.uktrainsim.com /Trainset_13-03-14/DEE_BoBR_34082 MNdiscs.sd
2015.02.11 13:42 B C:\Program Files\WS_FTP\Trainset_13-03-14\DEE_BoBR_34082\MNR_01.ace <-- Ftp.uktrainsim.com /Trainset_13-03-14/DEE_BoBR_34082 MNR_01.ace
2015.02.11 13:42 B C:\Program Files\WS_FTP\Trainset_13-03-14\DEE_BoBR_34082\MNR_02.ace <-- Ftp.uktrainsim.com /Trainset_13-03-14/DEE_BoBR_34082 MNR_02.ace
2015.02.11 13:42 B C:\Program Files\WS_FTP\Trainset_13-03-14\DEE_BoBR_34082\MNR_03.ace <-- Ftp.uktrainsim.com /Trainset_13-03-14/DEE_BoBR_34082 MNR_03.ace
2015.02.11 13:42 B C:\Program Files\WS_FTP\Trainset_13-03-14\DEE_BoBR_34082\MNR_04.ace <-- Ftp.uktrainsim.com /Trainset_13-03-14/DEE_BoBR_34082 MNR_04.ace
2015.02.11 13:42 B C:\Program Files\WS_FTP\Trainset_13-03-14\DEE_BoBR_34082\MNR_05.ace <-- Ftp.uktrainsim.com /Trainset_13-03-14/DEE_BoBR_34082 MNR_05.ace
2015.02.11 13:42 B C:\Program Files\WS_FTP\Trainset_13-03-14\DEE_BoBR_34082\MNR_06.ace <-- Ftp.uktrainsim.com /Trainset_13-03-14/DEE_BoBR_34082 MNR_06.ace
2015.02.11 13:42 B C:\Program Files\WS_FTP\Trainset_13-03-14\DEE_BoBR_34082\MNR_07.ace <-- Ftp.uktrainsim.com /Trainset_13-03-14/DEE_BoBR_34082 MNR_07.ace
2015.02.11 13:42 B C:\Program Files\WS_FTP\Trainset_13-03-14\DEE_BoBR_34082\MNR_08.ace <-- Ftp.uktrainsim.com /Trainset_13-03-14/DEE_BoBR_34082 MNR_08.ace
2015.02.11 13:42 B C:\Program Files\WS_FTP\Trainset_13-03-14\DEE_BoBR_34082\MNR_09.ace <-- Ftp.uktrainsim.com /Trainset_13-03-14/DEE_BoBR_34082 MNR_09.ace
2015.02.11 13:42 B C:\Program Files\WS_FTP\Trainset_13-03-14\DEE_BoBR_34082\MNR_10.ace <-- Ftp.uktrainsim.com /Trainset_13-03-14/DEE_BoBR_34082 MNR_10.ace
2015.02.11 13:42 B C:\Program Files\WS_FTP\Trainset_13-03-14\DEE_BoBR_34082\MNR_11.ace <-- Ftp.uktrainsim.com /Trainset_13-03-14/DEE_BoBR_34082 MNR_11.ace
2015.02.11 13:42 B C:\Program Files\WS_FTP\Trainset_13-03-14\DEE_BoBR_34082\MNR_12.ace <-- Ftp.uktrainsim.com /Trainset_13-03-14/DEE_BoBR_34082 MNR_12.ace
2015.02.11 13:42 B C:\Program Files\WS_FTP\Trainset_13-03-14\DEE_BoBR_34082\MNR_misc.ace <-- Ftp.uktrainsim.com /Trainset_13-03-14/DEE_BoBR_34082 MNR_misc.ace
2015.02.11 13:42 B C:\Program Files\WS_FTP\Trainset_13-03-14\DEE_BoBR_34082\MNR_Tender1.ace <-- Ftp.uktrainsim.com /Trainset_13-03-14/DEE_BoBR_34082 MNR_Tender1.ace
2015.02.11 13:42 B C:\Program Files\WS_FTP\Trainset_13-03-14\DEE_BoBR_34082\MNR_Tender2.ace <-- Ftp.uktrainsim.com /Trainset_13-03-14/DEE_BoBR_34082 MNR_Tender2.ace
2015.02.11 13:42 B C:\Program Files\WS_FTP\Trainset_13-03-14\DEE_BoBR_34082\MNR_Tender3.ace <-- Ftp.uktrainsim.com /Trainset_13-03-14/DEE_BoBR_34082 MNR_Tender3.ace
2015.02.11 13:42 B C:\Program Files\WS_FTP\Trainset_13-03-14\DEE_BoBR_34082\MNRrods.ace <-- Ftp.uktrainsim.com /Trainset_13-03-14/DEE_BoBR_34082 MNRrods.ace
2015.02.11 13:42 B C:\Program Files\WS_FTP\Trainset_13-03-14\DEE_BoBR_34082\MNRroof.ace <-- Ftp.uktrainsim.com /Trainset_13-03-14/DEE_BoBR_34082 MNRroof.ace
2015.02.11 13:42 B C:\Program Files\WS_FTP\Trainset_13-03-14\DEE_BoBR_34082\MNRwheels1and3.ace <-- Ftp.uktrainsim.com /Trainset_13-03-14/DEE_BoBR_34082 MNRwheels1and3.ace
2015.02.11 13:42 B C:\Program Files\WS_FTP\Trainset_13-03-14\DEE_BoBR_34082\MNRwheels2.ace <-- Ftp.uktrainsim.com /Trainset_13-03-14/DEE_BoBR_34082 MNRwheels2.ace
2015.02.11 13:42 B C:\Program Files\WS_FTP\Trainset_13-03-14\DEE_BoBR_34082\MNRwheelsmall.ace <-- Ftp.uktrainsim.com /Trainset_13-03-14/DEE_BoBR_34082 MNRwheelsmall.ace
2015.02.11 13:42 B C:\Program Files\WS_FTP\Trainset_13-03-14\DEE_BoBR_34082\MNTender1.ace <-- Ftp.uktrainsim.com /Trainset_13-03-14/DEE_BoBR_34082 MNTender1.ace
2015.02.11 13:42 B C:\Program Files\WS_FTP\Trainset_13-03-14\DEE_BoBR_34082\MNTender2.ace <-- Ftp.uktrainsim.com /Trainset_13-03-14/DEE_BoBR_34082 MNTender2.ace
2015.02.11 13:42 B C:\Program Files\WS_FTP\Trainset_13-03-14\DEE_BoBR_34082\pcrew.S <-- Ftp.uktrainsim.com /Trainset_13-03-14/DEE_BoBR_34082 pcrew.S
2015.02.11 13:42 B C:\Program Files\WS_FTP\Trainset_13-03-14\DEE_BoBR_34082\WCR_nameplate.ace <-- Ftp.uktrainsim.com /Trainset_13-03-14/DEE_BoBR_34082 WCR_nameplate.ace
